<?xml version="1.0" encoding="UTF-8"?>
<?xml-stylesheet type="text/xsl" href="ivy-report.xsl"?>
<ivy-report version="1.0">
	<info
		organisation="com.julianpeeters"
		module="toolbox-salat-example_2.10"
		revision="0.0.1-SNAPSHOT"
		conf="test-internal"
		confs="compile, runtime, test, provided, optional, compile-internal, runtime-internal, test-internal, plugin, sources, docs, pom"
		date="20130923231819"/>
	<dependencies>
		<module organisation="org.ow2.asm" name="asm-all">
			<revision name="4.1" status="release" pubdate="20121014083936" resolver="public" artresolver="public" homepage="" downloaded="false" searched="false" default="false" conf="default(compile), default, compile, runtime, master" position="42">
				<metadata-artifact status="no" details="" size="3752" time="0" location="/home/julianpeeters/.ivy2/cache/org.ow2.asm/asm-all/ivy-4.1.xml" searched="false" origin-is-local="false" origin-location="http://repo1.maven.org/maven2/org/ow2/asm/asm-all/4.1/asm-all-4.1.pom"/>
				<caller organisation="com.julianpeeters" name="toolbox-salat-example_2.10" conf="test-internal, test, optional, compile, provided, runtime" rev="4.1" rev-constraint-default="4.1" rev-constraint-dynamic="4.1" callerrev="0.0.1-SNAPSHOT"/>
				<artifacts>
					<artifact name="asm-all" type="jar" ext="jar" status="no" details="" size="214592" time="0" location="/home/julianpeeters/.ivy2/cache/org.ow2.asm/asm-all/jars/asm-all-4.1.jar">
						<origin-location is-local="false" location="http://repo1.maven.org/maven2/org/ow2/asm/asm-all/4.1/asm-all-4.1.jar"/>
					</artifact>
				</artifacts>
			</revision>
		</module>
		<module organisation="com.gensler" name="scalavro_2.10">
			<revision name="0.4.0" status="release" pubdate="20130918083738" resolver="public" artresolver="public" homepage="http://genslerappspod.github.io/scalavro/" downloaded="false" searched="false" default="false" conf="default(compile), default, compile, runtime, master" position="30">
				<license name="BSD-style" url="http://opensource.org/licenses/BSD-2-Clause"/>
				<metadata-artifact status="no" details="" size="3206" time="0" location="/home/julianpeeters/.ivy2/cache/com.gensler/scalavro_2.10/ivy-0.4.0.xml" searched="false" origin-is-local="false" origin-location="http://repo1.maven.org/maven2/com/gensler/scalavro_2.10/0.4.0/scalavro_2.10-0.4.0.pom"/>
				<caller organisation="com.julianpeeters" name="toolbox-salat-example_2.10" conf="test-internal, test, optional, compile, provided, runtime" rev="0.4.0" rev-constraint-default="0.4.0" rev-constraint-dynamic="0.4.0" callerrev="0.0.1-SNAPSHOT"/>
				<artifacts>
					<artifact name="scalavro_2.10" type="jar" ext="jar" status="no" details="" size="304" time="0" location="/home/julianpeeters/.ivy2/cache/com.gensler/scalavro_2.10/jars/scalavro_2.10-0.4.0.jar">
						<origin-location is-local="false" location="http://repo1.maven.org/maven2/com/gensler/scalavro_2.10/0.4.0/scalavro_2.10-0.4.0.jar"/>
					</artifact>
				</artifacts>
			</revision>
		</module>
		<module organisation="com.gensler" name="scalavro-core_2.10">
			<revision name="0.4.0" status="release" pubdate="20130918083755" resolver="public" artresolver="public" homepage="http://genslerappspod.github.io/scalavro/" downloaded="false" searched="false" default="false" conf="compile, master(*), runtime, compile(*), runtime(*), master" position="31">
				<license name="BSD-style" url="http://opensource.org/licenses/BSD-2-Clause"/>
				<metadata-artifact status="no" details="" size="3347" time="0" location="/home/julianpeeters/.ivy2/cache/com.gensler/scalavro-core_2.10/ivy-0.4.0.xml" searched="false" origin-is-local="false" origin-location="http://repo1.maven.org/maven2/com/gensler/scalavro-core_2.10/0.4.0/scalavro-core_2.10-0.4.0.pom"/>
				<caller organisation="com.gensler" name="scalavro_2.10" conf="default, compile, runtime, master" rev="0.4.0" rev-constraint-default="0.4.0" rev-constraint-dynamic="0.4.0" callerrev="0.4.0"/>
				<artifacts>
					<artifact name="scalavro-core_2.10" type="jar" ext="jar" status="no" details="" size="467732" time="0" location="/home/julianpeeters/.ivy2/cache/com.gensler/scalavro-core_2.10/jars/scalavro-core_2.10-0.4.0.jar">
						<origin-location is-local="false" location="http://repo1.maven.org/maven2/com/gensler/scalavro-core_2.10/0.4.0/scalavro-core_2.10-0.4.0.jar"/>
					</artifact>
				</artifacts>
			</revision>
		</module>
		<module organisation="com.gensler" name="scalavro-util_2.10">
			<revision name="0.4.0" status="release" pubdate="20130918083757" resolver="public" artresolver="public" homepage="http://genslerappspod.github.io/scalavro/" downloaded="false" searched="false" default="false" conf="compile, master(*), runtime, compile(*), runtime(*), master" position="32">
				<license name="BSD-style" url="http://opensource.org/licenses/BSD-2-Clause"/>
				<metadata-artifact status="no" details="" size="3080" time="0" location="/home/julianpeeters/.ivy2/cache/com.gensler/scalavro-util_2.10/ivy-0.4.0.xml" searched="false" origin-is-local="false" origin-location="http://repo1.maven.org/maven2/com/gensler/scalavro-util_2.10/0.4.0/scalavro-util_2.10-0.4.0.pom"/>
				<caller organisation="com.gensler" name="scalavro-core_2.10" conf="compile, runtime" rev="0.4.0" rev-constraint-default="0.4.0" rev-constraint-dynamic="0.4.0" callerrev="0.4.0"/>
				<caller organisation="com.gensler" name="scalavro_2.10" conf="default, compile, runtime, master" rev="0.4.0" rev-constraint-default="0.4.0" rev-constraint-dynamic="0.4.0" callerrev="0.4.0"/>
				<artifacts>
					<artifact name="scalavro-util_2.10" type="jar" ext="jar" status="no" details="" size="96521" time="0" location="/home/julianpeeters/.ivy2/cache/com.gensler/scalavro-util_2.10/jars/scalavro-util_2.10-0.4.0.jar">
						<origin-location is-local="false" location="http://repo1.maven.org/maven2/com/gensler/scalavro-util_2.10/0.4.0/scalavro-util_2.10-0.4.0.jar"/>
					</artifact>
				</artifacts>
			</revision>
		</module>
		<module organisation="org.reflections" name="reflections">
			<revision name="0.9.9-RC1" status="release" pubdate="20130323065936" resolver="public" artresolver="public" homepage="" downloaded="false" searched="false" default="false" conf="compile, master(*), runtime, compile(*), runtime(*), master" position="36">
				<metadata-artifact status="no" details="" size="3761" time="0" location="/home/julianpeeters/.ivy2/cache/org.reflections/reflections/ivy-0.9.9-RC1.xml" searched="false" origin-is-local="false" origin-location="http://repo1.maven.org/maven2/org/reflections/reflections/0.9.9-RC1/reflections-0.9.9-RC1.pom"/>
				<caller organisation="com.gensler" name="scalavro-util_2.10" conf="compile, runtime" rev="0.9.9-RC1" rev-constraint-default="0.9.9-RC1" rev-constraint-dynamic="0.9.9-RC1" callerrev="0.4.0"/>
				<artifacts>
					<artifact name="reflections" type="jar" ext="jar" status="no" details="" size="121013" time="0" location="/home/julianpeeters/.ivy2/cache/org.reflections/reflections/jars/reflections-0.9.9-RC1.jar">
						<origin-location is-local="false" location="http://repo1.maven.org/maven2/org/reflections/reflections/0.9.9-RC1/reflections-0.9.9-RC1.jar"/>
					</artifact>
				</artifacts>
			</revision>
		</module>
		<module organisation="org.javassist" name="javassist">
			<revision name="3.16.1-GA" status="release" pubdate="20120306073712" resolver="public" artresolver="public" homepage="http://www.javassist.org/" downloaded="false" searched="false" default="false" conf="compile, master(*), runtime, compile(*), runtime(*), master" position="39">
				<license name="MPL 1.1" url="http://www.mozilla.org/MPL/MPL-1.1.html"/>
				<license name="LGPL 2.1" url="http://www.gnu.org/licenses/lgpl-2.1.html"/>
				<license name="Apache License 2.0" url="http://www.apache.org/licenses/"/>
				<metadata-artifact status="no" details="" size="3064" time="0" location="/home/julianpeeters/.ivy2/cache/org.javassist/javassist/ivy-3.16.1-GA.xml" searched="false" origin-is-local="false" origin-location="http://repo1.maven.org/maven2/org/javassist/javassist/3.16.1-GA/javassist-3.16.1-GA.pom"/>
				<caller organisation="org.reflections" name="reflections" conf="compile, runtime" rev="3.16.1-GA" rev-constraint-default="3.16.1-GA" rev-constraint-dynamic="3.16.1-GA" callerrev="0.9.9-RC1"/>
				<artifacts>
					<artifact name="javassist" type="jar" ext="jar" status="no" details="" size="659343" time="0" location="/home/julianpeeters/.ivy2/cache/org.javassist/javassist/jars/javassist-3.16.1-GA.jar">
						<origin-location is-local="false" location="http://repo1.maven.org/maven2/org/javassist/javassist/3.16.1-GA/javassist-3.16.1-GA.jar"/>
					</artifact>
				</artifacts>
			</revision>
		</module>
		<module organisation="com.google.guava" name="guava">
			<revision name="11.0.2" status="release" pubdate="20120222060217" resolver="public" artresolver="public" homepage="" downloaded="false" searched="false" default="false" conf="compile, master(*), runtime, compile(*), runtime(*), master" position="37">
				<metadata-artifact status="no" details="" size="3835" time="0" location="/home/julianpeeters/.ivy2/cache/com.google.guava/guava/ivy-11.0.2.xml" searched="false" origin-is-local="false" origin-location="http://repo1.maven.org/maven2/com/google/guava/guava/11.0.2/guava-11.0.2.pom"/>
				<caller organisation="org.reflections" name="reflections" conf="compile, runtime" rev="11.0.2" rev-constraint-default="11.0.2" rev-constraint-dynamic="11.0.2" callerrev="0.9.9-RC1"/>
				<artifacts>
					<artifact name="guava" type="jar" ext="jar" status="no" details="" size="1648200" time="0" location="/home/julianpeeters/.ivy2/cache/com.google.guava/guava/jars/guava-11.0.2.jar">
						<origin-location is-local="false" location="http://repo1.maven.org/maven2/com/google/guava/guava/11.0.2/guava-11.0.2.jar"/>
					</artifact>
				</artifacts>
			</revision>
		</module>
		<module organisation="com.google.code.findbugs" name="jsr305">
			<revision name="1.3.9" status="release" pubdate="20090824152822" resolver="public" artresolver="public" homepage="http://findbugs.sourceforge.net/" downloaded="false" searched="false" default="false" conf="compile, master(*), runtime, compile(*), runtime(*), master" position="38">
				<license name="The Apache Software License, Version 2.0" url="http://www.apache.org/licenses/LICENSE-2.0.txt"/>
				<metadata-artifact status="no" details="" size="2393" time="0" location="/home/julianpeeters/.ivy2/cache/com.google.code.findbugs/jsr305/ivy-1.3.9.xml" searched="false" origin-is-local="false" origin-location="http://repo1.maven.org/maven2/com/google/code/findbugs/jsr305/1.3.9/jsr305-1.3.9.pom"/>
				<caller organisation="com.google.guava" name="guava" conf="compile, runtime" rev="1.3.9" rev-constraint-default="1.3.9" rev-constraint-dynamic="1.3.9" callerrev="11.0.2"/>
				<artifacts>
					<artifact name="jsr305" type="jar" ext="jar" status="no" details="" size="33015" time="0" location="/home/julianpeeters/.ivy2/cache/com.google.code.findbugs/jsr305/jars/jsr305-1.3.9.jar">
						<origin-location is-local="false" location="http://repo1.maven.org/maven2/com/google/code/findbugs/jsr305/1.3.9/jsr305-1.3.9.jar"/>
					</artifact>
				</artifacts>
			</revision>
		</module>
		<module organisation="org.scala-lang" name="scala-reflect">
			<revision name="2.10.2" status="release" pubdate="20130606110608" resolver="sbt-chain" artresolver="sbt-chain" homepage="http://www.scala-lang.org/" downloaded="false" searched="false" default="false" conf="compile, master(*), runtime, compile(*), runtime(*), master" position="33">
				<license name="BSD-like" url="http://www.scala-lang.org/downloads/license.html    "/>
				<metadata-artifact status="no" details="" size="2647" time="0" location="/home/julianpeeters/.ivy2/cache/org.scala-lang/scala-reflect/ivy-2.10.2.xml" searched="false" origin-is-local="false" origin-location="http://repo1.maven.org/maven2/org/scala-lang/scala-reflect/2.10.2/scala-reflect-2.10.2.pom"/>
				<caller organisation="com.gensler" name="scalavro-core_2.10" conf="compile, runtime" rev="2.10.2" rev-constraint-default="2.10.2" rev-constraint-dynamic="2.10.2" callerrev="0.4.0"/>
				<caller organisation="com.gensler" name="scalavro-util_2.10" conf="compile, runtime" rev="2.10.2" rev-constraint-default="2.10.2" rev-constraint-dynamic="2.10.2" callerrev="0.4.0"/>
				<caller organisation="com.gensler" name="scalavro_2.10" conf="default, compile, runtime, master" rev="2.10.2" rev-constraint-default="2.10.2" rev-constraint-dynamic="2.10.2" callerrev="0.4.0"/>
				<caller organisation="org.scala-lang" name="scala-compiler" conf="compile, runtime" rev="2.10.1" rev-constraint-default="2.10.1" rev-constraint-dynamic="2.10.1" callerrev="2.10.1"/>
				<artifacts>
					<artifact name="scala-reflect" type="jar" ext="jar" status="no" details="" size="3171168" time="0" location="/home/julianpeeters/.ivy2/cache/org.scala-lang/scala-reflect/jars/scala-reflect-2.10.2.jar">
						<origin-location is-local="false" location="http://repo1.maven.org/maven2/org/scala-lang/scala-reflect/2.10.2/scala-reflect-2.10.2.jar"/>
					</artifact>
				</artifacts>
			</revision>
			<revision name="2.10.1" status="release" pubdate="20130312160549" resolver="sbt-chain" artresolver="sbt-chain" evicted="latest-revision" evicted-reason="" homepage="http://www.scala-lang.org/" downloaded="false" searched="false" default="false" conf="compile, master(*), runtime, compile(*), runtime(*), master" position="-1">
				<license name="BSD-like" url="http://www.scala-lang.org/downloads/license.html    "/>
				<metadata-artifact status="no" details="" size="2552" time="0" location="/home/julianpeeters/.ivy2/cache/org.scala-lang/scala-reflect/ivy-2.10.1.xml" searched="false" origin-is-local="false" origin-location="http://repo1.maven.org/maven2/org/scala-lang/scala-reflect/2.10.1/scala-reflect-2.10.1.pom"/>
				<evicted-by rev="2.10.2"/>
				<caller organisation="org.scala-lang" name="scala-compiler" conf="compile, runtime" rev="2.10.1" rev-constraint-default="2.10.1" rev-constraint-dynamic="2.10.1" callerrev="2.10.1"/>
				<artifacts>
				</artifacts>
			</revision>
		</module>
		<module organisation="org.scala-lang" name="scala-compiler">
			<revision name="2.10.1" status="release" pubdate="20130312160713" resolver="sbt-chain" artresolver="sbt-chain" homepage="http://www.scala-lang.org/" downloaded="false" searched="false" default="false" conf="default(compile), default, compile, master(*), runtime, compile(*), runtime(*), master" position="8">
				<license name="BSD-like" url="http://www.scala-lang.org/downloads/license.html    "/>
				<metadata-artifact status="no" details="" size="2809" time="0" location="/home/julianpeeters/.ivy2/cache/org.scala-lang/scala-compiler/ivy-2.10.1.xml" searched="false" origin-is-local="false" origin-location="http://repo1.maven.org/maven2/org/scala-lang/scala-compiler/2.10.1/scala-compiler-2.10.1.pom"/>
				<caller organisation="com.julianpeeters" name="artisinal-pickle-maker_2.10" conf="compile" rev="2.10.1" rev-constraint-default="2.10.1" rev-constraint-dynamic="2.10.2" callerrev="0.1-SNAPSHOT"/>
				<caller organisation="org.scala-lang" name="scalap" conf="compile, runtime" rev="2.10.1" rev-constraint-default="2.10.1" rev-constraint-dynamic="2.10.2" callerrev="2.10.2"/>
				<artifacts>
				</artifacts>
			</revision>
		</module>
		<module organisation="com.julianpeeters" name="asm-salat-example_2.10">
			<revision name="0.1-SNAPSHOT" status="integration" pubdate="20130923214901" resolver="local" artresolver="local" downloaded="false" searched="true" default="false" conf="default(compile), compile" position="4">
				<metadata-artifact status="no" details="" size="2217" time="0" location="/home/julianpeeters/.ivy2/cache/com.julianpeeters/asm-salat-example_2.10/ivy-0.1-SNAPSHOT.xml" searched="true" origin-is-local="true" origin-location="/home/julianpeeters/.ivy2/local/com.julianpeeters/asm-salat-example_2.10/0.1-SNAPSHOT/ivys/ivy.xml"/>
				<caller organisation="com.julianpeeters" name="toolbox-salat-example_2.10" conf="test-internal, test, optional, compile, provided, runtime" rev="0.1-SNAPSHOT" rev-constraint-default="0.1-SNAPSHOT" rev-constraint-dynamic="0.1-SNAPSHOT" callerrev="0.0.1-SNAPSHOT"/>
				<artifacts>
					<artifact name="asm-salat-example_2.10" type="jar" ext="jar" status="no" details="" size="115756" time="0" location="/home/julianpeeters/.ivy2/local/com.julianpeeters/asm-salat-example_2.10/0.1-SNAPSHOT/jars/asm-salat-example_2.10.jar">
						<origin-location is-local="true" location="/home/julianpeeters/.ivy2/local/com.julianpeeters/asm-salat-example_2.10/0.1-SNAPSHOT/jars/asm-salat-example_2.10.jar"/>
					</artifact>
				</artifacts>
			</revision>
		</module>
		<module organisation="org.apache.avro" name="avro">
			<revision name="1.7.5" status="release" pubdate="20130808091651" resolver="public" artresolver="public" homepage="http://avro.apache.org" downloaded="false" searched="false" default="false" conf="default(compile), default, compile, master(*), compile(*), runtime, runtime(*), master" position="24">
				<metadata-artifact status="no" details="" size="10374" time="0" location="/home/julianpeeters/.ivy2/cache/org.apache.avro/avro/ivy-1.7.5.xml" searched="false" origin-is-local="false" origin-location="http://repo1.maven.org/maven2/org/apache/avro/avro/1.7.5/avro-1.7.5.pom"/>
				<caller organisation="com.julianpeeters" name="asm-salat-example_2.10" conf="compile" rev="1.7.5" rev-constraint-default="1.7.5" rev-constraint-dynamic="1.7.5" callerrev="0.1-SNAPSHOT"/>
				<caller organisation="com.gensler" name="scalavro-core_2.10" conf="compile, runtime" rev="1.7.5" rev-constraint-default="1.7.5" rev-constraint-dynamic="1.7.5" callerrev="0.4.0"/>
				<artifacts>
					<artifact name="avro" type="jar" ext="jar" status="no" details="" size="400680" time="0" location="/home/julianpeeters/.ivy2/cache/org.apache.avro/avro/jars/avro-1.7.5.jar">
						<origin-location is-local="false" location="http://repo1.maven.org/maven2/org/apache/avro/avro/1.7.5/avro-1.7.5.jar"/>
					</artifact>
				</artifacts>
			</revision>
		</module>
		<module organisation="org.apache.commons" name="commons-compress">
			<revision name="1.4.1" status="release" pubdate="20120521215732" resolver="public" artresolver="public" homepage="http://commons.apache.org/compress/" downloaded="false" searched="false" default="false" conf="compile, master(*), runtime, compile(*), runtime(*), master" position="28">
				<metadata-artifact status="no" details="" size="7888" time="0" location="/home/julianpeeters/.ivy2/cache/org.apache.commons/commons-compress/ivy-1.4.1.xml" searched="false" origin-is-local="false" origin-location="http://repo1.maven.org/maven2/org/apache/commons/commons-compress/1.4.1/commons-compress-1.4.1.pom"/>
				<caller organisation="org.apache.avro" name="avro" conf="default, compile, runtime, master" rev="1.4.1" rev-constraint-default="1.4.1" rev-constraint-dynamic="1.4.1" callerrev="1.7.5"/>
				<artifacts>
					<artifact name="commons-compress" type="jar" ext="jar" status="no" details="" size="241367" time="0" location="/home/julianpeeters/.ivy2/cache/org.apache.commons/commons-compress/jars/commons-compress-1.4.1.jar">
						<origin-location is-local="false" location="http://repo1.maven.org/maven2/org/apache/commons/commons-compress/1.4.1/commons-compress-1.4.1.jar"/>
					</artifact>
				</artifacts>
			</revision>
		</module>
		<module organisation="org.tukaani" name="xz">
			<revision name="1.0" status="release" pubdate="20111022024446" resolver="sbt-chain" artresolver="sbt-chain" homepage="http://tukaani.org/xz/java.html" downloaded="false" searched="false" default="false" conf="compile, master(*), runtime, compile(*), runtime(*), master" position="29">
				<license name="Public Domain"/>
				<metadata-artifact status="no" details="" size="2277" time="0" location="/home/julianpeeters/.ivy2/cache/org.tukaani/xz/ivy-1.0.xml" searched="false" origin-is-local="false" origin-location="https://oss.sonatype.org/content/groups/scala-tools/org/tukaani/xz/1.0/xz-1.0.pom"/>
				<caller organisation="org.apache.commons" name="commons-compress" conf="compile, runtime" rev="1.0" rev-constraint-default="1.0" rev-constraint-dynamic="1.0" callerrev="1.4.1"/>
				<artifacts>
					<artifact name="xz" type="jar" ext="jar" status="no" details="" size="94672" time="0" location="/home/julianpeeters/.ivy2/cache/org.tukaani/xz/jars/xz-1.0.jar">
						<origin-location is-local="false" location="https://oss.sonatype.org/content/groups/scala-tools/org/tukaani/xz/1.0/xz-1.0.jar"/>
					</artifact>
				</artifacts>
			</revision>
		</module>
		<module organisation="org.xerial.snappy" name="snappy-java">
			<revision name="1.0.5" status="release" pubdate="20130516183557" resolver="sbt-chain" artresolver="sbt-chain" homepage="http://github.com/xerial/snappy-java/" downloaded="false" searched="false" default="false" conf="compile, master(*), runtime, compile(*), runtime(*), master" position="27">
				<license name="The Apache Software License, Version 2.0" url="http://www.apache.org/licenses/LICENSE-2.0.txt"/>
				<metadata-artifact status="no" details="" size="3844" time="0" location="/home/julianpeeters/.ivy2/cache/org.xerial.snappy/snappy-java/ivy-1.0.5.xml" searched="false" origin-is-local="false" origin-location="https://oss.sonatype.org/content/repositories/releases/org/xerial/snappy/snappy-java/1.0.5/snappy-java-1.0.5.pom"/>
				<caller organisation="org.apache.avro" name="avro" conf="default, compile, runtime, master" rev="1.0.5" rev-constraint-default="1.0.5" rev-constraint-dynamic="1.0.5" callerrev="1.7.5"/>
				<artifacts>
					<artifact name="snappy-java" type="bundle" ext="jar" status="no" details="" size="1251514" time="0" location="/home/julianpeeters/.ivy2/cache/org.xerial.snappy/snappy-java/bundles/snappy-java-1.0.5.jar">
						<origin-location is-local="false" location="https://oss.sonatype.org/content/repositories/releases/org/xerial/snappy/snappy-java/1.0.5/snappy-java-1.0.5.jar"/>
					</artifact>
				</artifacts>
			</revision>
		</module>
		<module organisation="org.codehaus.jackson" name="jackson-mapper-asl">
			<revision name="1.9.13" status="release" pubdate="20130714200750" resolver="sbt-chain" artresolver="sbt-chain" homepage="http://jackson.codehaus.org" downloaded="false" searched="false" default="false" conf="compile, master(*), runtime, compile(*), runtime(*), master" position="26">
				<license name="The Apache Software License, Version 2.0" url="http://www.apache.org/licenses/LICENSE-2.0.txt"/>
				<metadata-artifact status="no" details="" size="2655" time="0" location="/home/julianpeeters/.ivy2/cache/org.codehaus.jackson/jackson-mapper-asl/ivy-1.9.13.xml" searched="false" origin-is-local="false" origin-location="https://oss.sonatype.org/content/repositories/releases/org/codehaus/jackson/jackson-mapper-asl/1.9.13/jackson-mapper-asl-1.9.13.pom"/>
				<caller organisation="org.apache.avro" name="avro" conf="default, compile, runtime, master" rev="1.9.13" rev-constraint-default="1.9.13" rev-constraint-dynamic="1.9.13" callerrev="1.7.5"/>
				<artifacts>
					<artifact name="jackson-mapper-asl" type="jar" ext="jar" status="no" details="" size="780664" time="0" location="/home/julianpeeters/.ivy2/cache/org.codehaus.jackson/jackson-mapper-asl/jars/jackson-mapper-asl-1.9.13.jar">
						<origin-location is-local="false" location="https://oss.sonatype.org/content/repositories/releases/org/codehaus/jackson/jackson-mapper-asl/1.9.13/jackson-mapper-asl-1.9.13.jar"/>
					</artifact>
				</artifacts>
			</revision>
		</module>
		<module organisation="org.codehaus.jackson" name="jackson-core-asl">
			<revision name="1.9.13" status="release" pubdate="20130714200730" resolver="sbt-chain" artresolver="sbt-chain" homepage="http://jackson.codehaus.org" downloaded="false" searched="false" default="false" conf="compile, master(*), runtime, compile(*), runtime(*), master" position="25">
				<license name="The Apache Software License, Version 2.0" url="http://www.apache.org/licenses/LICENSE-2.0.txt"/>
				<metadata-artifact status="no" details="" size="2438" time="0" location="/home/julianpeeters/.ivy2/cache/org.codehaus.jackson/jackson-core-asl/ivy-1.9.13.xml" searched="false" origin-is-local="false" origin-location="https://oss.sonatype.org/content/repositories/releases/org/codehaus/jackson/jackson-core-asl/1.9.13/jackson-core-asl-1.9.13.pom"/>
				<caller organisation="org.codehaus.jackson" name="jackson-mapper-asl" conf="compile, runtime" rev="1.9.13" rev-constraint-default="1.9.13" rev-constraint-dynamic="1.9.13" callerrev="1.9.13"/>
				<caller organisation="org.apache.avro" name="avro" conf="default, compile, runtime, master" rev="1.9.13" rev-constraint-default="1.9.13" rev-constraint-dynamic="1.9.13" callerrev="1.7.5"/>
				<artifacts>
					<artifact name="jackson-core-asl" type="jar" ext="jar" status="no" details="" size="232248" time="0" location="/home/julianpeeters/.ivy2/cache/org.codehaus.jackson/jackson-core-asl/jars/jackson-core-asl-1.9.13.jar">
						<origin-location is-local="false" location="https://oss.sonatype.org/content/repositories/releases/org/codehaus/jackson/jackson-core-asl/1.9.13/jackson-core-asl-1.9.13.jar"/>
					</artifact>
				</artifacts>
			</revision>
		</module>
		<module organisation="org.slf4j" name="slf4j-simple">
			<revision name="1.7.5" status="release" pubdate="20130325135226" resolver="sbt-chain" artresolver="sbt-chain" homepage="http://www.slf4j.org" downloaded="false" searched="false" default="false" conf="default(compile), default, compile, runtime, master" position="22">
				<metadata-artifact status="no" details="" size="4507" time="0" location="/home/julianpeeters/.ivy2/cache/org.slf4j/slf4j-simple/ivy-1.7.5.xml" searched="false" origin-is-local="false" origin-location="https://oss.sonatype.org/content/repositories/releases/org/slf4j/slf4j-simple/1.7.5/slf4j-simple-1.7.5.pom"/>
				<caller organisation="com.julianpeeters" name="asm-salat-example_2.10" conf="compile" rev="1.7.5" rev-constraint-default="1.7.5" rev-constraint-dynamic="1.7.5" callerrev="0.1-SNAPSHOT"/>
				<artifacts>
					<artifact name="slf4j-simple" type="jar" ext="jar" status="no" details="" size="10680" time="0" location="/home/julianpeeters/.ivy2/cache/org.slf4j/slf4j-simple/jars/slf4j-simple-1.7.5.jar">
						<origin-location is-local="false" location="https://oss.sonatype.org/content/repositories/releases/org/slf4j/slf4j-simple/1.7.5/slf4j-simple-1.7.5.jar"/>
					</artifact>
				</artifacts>
			</revision>
		</module>
		<module organisation="org.slf4j" name="slf4j-api">
			<revision name="1.7.5" status="release" pubdate="20130325135215" resolver="sbt-chain" artresolver="sbt-chain" homepage="http://www.slf4j.org" downloaded="false" searched="false" default="false" conf="compile, master(*), runtime, compile(*), runtime(*), master" position="23">
				<metadata-artifact status="no" details="" size="4469" time="0" location="/home/julianpeeters/.ivy2/cache/org.slf4j/slf4j-api/ivy-1.7.5.xml" searched="false" origin-is-local="false" origin-location="https://oss.sonatype.org/content/repositories/releases/org/slf4j/slf4j-api/1.7.5/slf4j-api-1.7.5.pom"/>
				<caller organisation="org.apache.avro" name="avro" conf="default, compile, runtime, master" rev="1.6.4" rev-constraint-default="1.6.4" rev-constraint-dynamic="1.6.4" callerrev="1.7.5"/>
				<caller organisation="org.mongodb" name="casbah-core_2.10" conf="compile, runtime" rev="1.6.0" rev-constraint-default="1.6.0" rev-constraint-dynamic="1.6.0" callerrev="2.6.2"/>
				<caller organisation="org.mongodb" name="casbah-query_2.10" conf="compile, runtime" rev="1.6.0" rev-constraint-default="1.6.0" rev-constraint-dynamic="1.6.0" callerrev="2.6.2"/>
				<caller organisation="org.mongodb" name="casbah-commons_2.10" conf="compile, runtime" rev="1.6.0" rev-constraint-default="1.6.0" rev-constraint-dynamic="1.6.0" callerrev="2.6.2"/>
				<caller organisation="ch.qos.logback" name="logback-classic" conf="compile, runtime" rev="1.7.2" rev-constraint-default="1.7.2" rev-constraint-dynamic="1.7.2" callerrev="1.0.9"/>
				<caller organisation="com.novus" name="salat-util_2.10" conf="compile, runtime" rev="1.7.2" rev-constraint-default="1.7.2" rev-constraint-dynamic="1.7.2" callerrev="1.9.2"/>
				<caller organisation="org.slf4j" name="slf4j-simple" conf="default, compile, runtime, master" rev="1.7.5" rev-constraint-default="1.7.5" rev-constraint-dynamic="1.7.5" callerrev="1.7.5"/>
				<artifacts>
					<artifact name="slf4j-api" type="jar" ext="jar" status="no" details="" size="26084" time="0" location="/home/julianpeeters/.ivy2/cache/org.slf4j/slf4j-api/jars/slf4j-api-1.7.5.jar">
						<origin-location is-local="false" location="https://oss.sonatype.org/content/repositories/releases/org/slf4j/slf4j-api/1.7.5/slf4j-api-1.7.5.jar"/>
					</artifact>
				</artifacts>
			</revision>
			<revision name="1.7.2" status="release" pubdate="20121011115524" resolver="public" artresolver="public" evicted="latest-revision" evicted-reason="" homepage="http://www.slf4j.org" downloaded="false" searched="false" default="false" conf="compile, master(*), runtime, compile(*), runtime(*), master" position="-1">
				<metadata-artifact status="no" details="" size="4469" time="0" location="/home/julianpeeters/.ivy2/cache/org.slf4j/slf4j-api/ivy-1.7.2.xml" searched="false" origin-is-local="false" origin-location="http://repo1.maven.org/maven2/org/slf4j/slf4j-api/1.7.2/slf4j-api-1.7.2.pom"/>
				<evicted-by rev="1.7.5"/>
				<caller organisation="org.mongodb" name="casbah-core_2.10" conf="compile, runtime" rev="1.6.0" rev-constraint-default="1.6.0" rev-constraint-dynamic="1.6.0" callerrev="2.6.2"/>
				<caller organisation="org.mongodb" name="casbah-query_2.10" conf="compile, runtime" rev="1.6.0" rev-constraint-default="1.6.0" rev-constraint-dynamic="1.6.0" callerrev="2.6.2"/>
				<caller organisation="org.mongodb" name="casbah-commons_2.10" conf="compile, runtime" rev="1.6.0" rev-constraint-default="1.6.0" rev-constraint-dynamic="1.6.0" callerrev="2.6.2"/>
				<caller organisation="ch.qos.logback" name="logback-classic" conf="compile, runtime" rev="1.7.2" rev-constraint-default="1.7.2" rev-constraint-dynamic="1.7.2" callerrev="1.0.9"/>
				<caller organisation="com.novus" name="salat-util_2.10" conf="compile, runtime" rev="1.7.2" rev-constraint-default="1.7.2" rev-constraint-dynamic="1.7.2" callerrev="1.9.2"/>
				<artifacts>
				</artifacts>
			</revision>
			<revision name="1.6.4" evicted="latest-revision" evicted-reason="" downloaded="false" searched="false" conf="compile, master(*), runtime, compile(*), runtime(*), master" position="-1">
				<evicted-by rev="1.7.5"/>
				<caller organisation="org.apache.avro" name="avro" conf="default, compile, runtime, master" rev="1.6.4" rev-constraint-default="1.6.4" rev-constraint-dynamic="1.6.4" callerrev="1.7.5"/>
				<artifacts>
				</artifacts>
			</revision>
			<revision name="1.6.0" evicted="latest-revision" evicted-reason="" downloaded="false" searched="false" conf="compile, master(*), runtime, compile(*), runtime(*), master" position="-1">
				<evicted-by rev="1.7.2"/>
				<caller organisation="org.mongodb" name="casbah-core_2.10" conf="compile, runtime" rev="1.6.0" rev-constraint-default="1.6.0" rev-constraint-dynamic="1.6.0" callerrev="2.6.2"/>
				<caller organisation="org.mongodb" name="casbah-query_2.10" conf="compile, runtime" rev="1.6.0" rev-constraint-default="1.6.0" rev-constraint-dynamic="1.6.0" callerrev="2.6.2"/>
				<caller organisation="org.mongodb" name="casbah-commons_2.10" conf="compile, runtime" rev="1.6.0" rev-constraint-default="1.6.0" rev-constraint-dynamic="1.6.0" callerrev="2.6.2"/>
				<artifacts>
				</artifacts>
			</revision>
		</module>
		<module organisation="com.julianpeeters" name="artisinal-pickle-maker_2.10">
			<revision name="0.1-SNAPSHOT" status="integration" pubdate="20130910011725" resolver="local" artresolver="local" downloaded="false" searched="true" default="false" conf="default(compile), compile" position="21">
				<metadata-artifact status="no" details="" size="2032" time="0" location="/home/julianpeeters/.ivy2/cache/com.julianpeeters/artisinal-pickle-maker_2.10/ivy-0.1-SNAPSHOT.xml" searched="true" origin-is-local="true" origin-location="/home/julianpeeters/.ivy2/local/com.julianpeeters/artisinal-pickle-maker_2.10/0.1-SNAPSHOT/ivys/ivy.xml"/>
				<caller organisation="com.julianpeeters" name="asm-salat-example_2.10" conf="compile" rev="0.1-SNAPSHOT" rev-constraint-default="0.1-SNAPSHOT" rev-constraint-dynamic="0.1-SNAPSHOT" callerrev="0.1-SNAPSHOT"/>
				<artifacts>
					<artifact name="artisinal-pickle-maker_2.10" type="jar" ext="jar" status="no" details="" size="429469" time="0" location="/home/julianpeeters/.ivy2/local/com.julianpeeters/artisinal-pickle-maker_2.10/0.1-SNAPSHOT/jars/artisinal-pickle-maker_2.10.jar">
						<origin-location is-local="true" location="/home/julianpeeters/.ivy2/local/com.julianpeeters/artisinal-pickle-maker_2.10/0.1-SNAPSHOT/jars/artisinal-pickle-maker_2.10.jar"/>
					</artifact>
				</artifacts>
			</revision>
		</module>
		<module organisation="com.novus" name="salat_2.10">
			<revision name="1.9.2" status="release" pubdate="20130819195649" resolver="sbt-chain" artresolver="sbt-chain" homepage="https://github.com/novus/salat" downloaded="false" searched="false" default="false" conf="default(compile), default, compile, runtime, master" position="5">
				<license name="Apache 2.0" url="http://www.apache.org/licenses/LICENSE-2.0"/>
				<metadata-artifact status="no" details="" size="2705" time="0" location="/home/julianpeeters/.ivy2/cache/com.novus/salat_2.10/ivy-1.9.2.xml" searched="false" origin-is-local="false" origin-location="https://oss.sonatype.org/content/repositories/releases/com/novus/salat_2.10/1.9.2/salat_2.10-1.9.2.pom"/>
				<caller organisation="com.julianpeeters" name="toolbox-salat-example_2.10" conf="test-internal, test, optional, compile, provided, runtime" rev="1.9.2-SNAPSHOT" rev-constraint-default="1.9.2-SNAPSHOT" rev-constraint-dynamic="1.9.2-SNAPSHOT" callerrev="0.0.1-SNAPSHOT"/>
				<caller organisation="com.julianpeeters" name="asm-salat-example_2.10" conf="compile" rev="1.9.2" rev-constraint-default="1.9.2" rev-constraint-dynamic="1.9.2" callerrev="0.1-SNAPSHOT"/>
				<artifacts>
				</artifacts>
			</revision>
			<revision name="1.9.2-SNAPSHOT" evicted="latest-revision" evicted-reason="" downloaded="false" searched="false" conf="default(compile), default, compile, runtime, master" position="-1">
				<evicted-by rev="1.9.2"/>
				<caller organisation="com.julianpeeters" name="toolbox-salat-example_2.10" conf="test-internal, test, optional, compile, provided, runtime" rev="1.9.2-SNAPSHOT" rev-constraint-default="1.9.2-SNAPSHOT" rev-constraint-dynamic="1.9.2-SNAPSHOT" callerrev="0.0.1-SNAPSHOT"/>
				<artifacts>
				</artifacts>
			</revision>
		</module>
		<module organisation="com.novus" name="salat-core_2.10">
			<revision name="1.9.2" status="release" pubdate="20130819195705" resolver="sbt-chain" artresolver="sbt-chain" homepage="https://github.com/novus/salat" downloaded="false" searched="false" default="false" conf="compile, master(*), runtime, compile(*), runtime(*), master" position="9">
				<license name="Apache 2.0" url="http://www.apache.org/licenses/LICENSE-2.0"/>
				<metadata-artifact status="no" details="" size="3735" time="0" location="/home/julianpeeters/.ivy2/cache/com.novus/salat-core_2.10/ivy-1.9.2.xml" searched="false" origin-is-local="false" origin-location="https://oss.sonatype.org/content/repositories/releases/com/novus/salat-core_2.10/1.9.2/salat-core_2.10-1.9.2.pom"/>
				<caller organisation="com.novus" name="salat_2.10" conf="default, compile, runtime, master" rev="1.9.2" rev-constraint-default="1.9.2" rev-constraint-dynamic="1.9.2" callerrev="1.9.2"/>
				<artifacts>
					<artifact name="salat-core_2.10" type="jar" ext="jar" status="no" details="" size="675930" time="0" location="/home/julianpeeters/.ivy2/cache/com.novus/salat-core_2.10/jars/salat-core_2.10-1.9.2.jar">
						<origin-location is-local="false" location="https://oss.sonatype.org/content/repositories/releases/com/novus/salat-core_2.10/1.9.2/salat-core_2.10-1.9.2.jar"/>
					</artifact>
				</artifacts>
			</revision>
		</module>
		<module organisation="org.json4s" name="json4s-native_2.10">
			<revision name="3.1.0" status="release" pubdate="20121229153402" resolver="public" artresolver="public" homepage="https://github.com/json4s/json4s" downloaded="false" searched="false" default="false" conf="compile, master(*), runtime, compile(*), runtime(*), master" position="17">
				<license name="ASL" url="http://github.com/json4s/json4s/raw/HEAD/LICENSE"/>
				<metadata-artifact status="no" details="" size="2663" time="0" location="/home/julianpeeters/.ivy2/cache/org.json4s/json4s-native_2.10/ivy-3.1.0.xml" searched="false" origin-is-local="false" origin-location="http://repo1.maven.org/maven2/org/json4s/json4s-native_2.10/3.1.0/json4s-native_2.10-3.1.0.pom"/>
				<caller organisation="com.novus" name="salat-core_2.10" conf="compile, runtime" rev="3.1.0" rev-constraint-default="3.1.0" rev-constraint-dynamic="3.1.0" callerrev="1.9.2"/>
				<artifacts>
					<artifact name="json4s-native_2.10" type="jar" ext="jar" status="no" details="" size="63432" time="0" location="/home/julianpeeters/.ivy2/cache/org.json4s/json4s-native_2.10/jars/json4s-native_2.10-3.1.0.jar">
						<origin-location is-local="false" location="http://repo1.maven.org/maven2/org/json4s/json4s-native_2.10/3.1.0/json4s-native_2.10-3.1.0.jar"/>
					</artifact>
				</artifacts>
			</revision>
		</module>
		<module organisation="org.json4s" name="json4s-core_2.10">
			<revision name="3.1.0" status="release" pubdate="20121229153430" resolver="public" artresolver="public" homepage="https://github.com/json4s/json4s" downloaded="false" searched="false" default="false" conf="compile, master(*), runtime, compile(*), runtime(*), master" position="18">
				<license name="ASL" url="http://github.com/json4s/json4s/raw/HEAD/LICENSE"/>
				<metadata-artifact status="no" details="" size="2938" time="0" location="/home/julianpeeters/.ivy2/cache/org.json4s/json4s-core_2.10/ivy-3.1.0.xml" searched="false" origin-is-local="false" origin-location="http://repo1.maven.org/maven2/org/json4s/json4s-core_2.10/3.1.0/json4s-core_2.10-3.1.0.pom"/>
				<caller organisation="org.json4s" name="json4s-native_2.10" conf="compile, runtime" rev="3.1.0" rev-constraint-default="3.1.0" rev-constraint-dynamic="3.1.0" callerrev="3.1.0"/>
				<artifacts>
					<artifact name="json4s-core_2.10" type="jar" ext="jar" status="no" details="" size="462450" time="0" location="/home/julianpeeters/.ivy2/cache/org.json4s/json4s-core_2.10/jars/json4s-core_2.10-3.1.0.jar">
						<origin-location is-local="false" location="http://repo1.maven.org/maven2/org/json4s/json4s-core_2.10/3.1.0/json4s-core_2.10-3.1.0.jar"/>
					</artifact>
				</artifacts>
			</revision>
		</module>
		<module organisation="com.thoughtworks.paranamer" name="paranamer">
			<revision name="2.5.2" status="release" pubdate="20121130070456" resolver="public" artresolver="public" homepage="" downloaded="false" searched="false" default="false" conf="compile, master(*), runtime, compile(*), runtime(*), master" position="20">
				<metadata-artifact status="no" details="" size="3447" time="0" location="/home/julianpeeters/.ivy2/cache/com.thoughtworks.paranamer/paranamer/ivy-2.5.2.xml" searched="false" origin-is-local="false" origin-location="http://repo1.maven.org/maven2/com/thoughtworks/paranamer/paranamer/2.5.2/paranamer-2.5.2.pom"/>
				<caller organisation="org.apache.avro" name="avro" conf="default, compile, runtime, master" rev="2.3" rev-constraint-default="2.3" rev-constraint-dynamic="2.3" callerrev="1.7.5"/>
				<caller organisation="org.json4s" name="json4s-core_2.10" conf="compile, runtime" rev="2.5.2" rev-constraint-default="2.5.2" rev-constraint-dynamic="2.5.2" callerrev="3.1.0"/>
				<artifacts>
					<artifact name="paranamer" type="jar" ext="jar" status="no" details="" size="30190" time="0" location="/home/julianpeeters/.ivy2/cache/com.thoughtworks.paranamer/paranamer/jars/paranamer-2.5.2.jar">
						<origin-location is-local="false" location="http://repo1.maven.org/maven2/com/thoughtworks/paranamer/paranamer/2.5.2/paranamer-2.5.2.jar"/>
					</artifact>
				</artifacts>
			</revision>
			<revision name="2.3" evicted="latest-revision" evicted-reason="" downloaded="false" searched="false" conf="compile, master(*), runtime, compile(*), runtime(*), master" position="-1">
				<evicted-by rev="2.5.2"/>
				<caller organisation="org.apache.avro" name="avro" conf="default, compile, runtime, master" rev="2.3" rev-constraint-default="2.3" rev-constraint-dynamic="2.3" callerrev="1.7.5"/>
				<artifacts>
				</artifacts>
			</revision>
		</module>
		<module organisation="org.json4s" name="json4s-ast_2.10">
			<revision name="3.1.0" status="release" pubdate="20121229153408" resolver="public" artresolver="public" homepage="https://github.com/json4s/json4s" downloaded="false" searched="false" default="false" conf="compile, master(*), runtime, compile(*), runtime(*), master" position="19">
				<license name="ASL" url="http://github.com/json4s/json4s/raw/HEAD/LICENSE"/>
				<metadata-artifact status="no" details="" size="2515" time="0" location="/home/julianpeeters/.ivy2/cache/org.json4s/json4s-ast_2.10/ivy-3.1.0.xml" searched="false" origin-is-local="false" origin-location="http://repo1.maven.org/maven2/org/json4s/json4s-ast_2.10/3.1.0/json4s-ast_2.10-3.1.0.pom"/>
				<caller organisation="org.json4s" name="json4s-core_2.10" conf="compile, runtime" rev="3.1.0" rev-constraint-default="3.1.0" rev-constraint-dynamic="3.1.0" callerrev="3.1.0"/>
				<artifacts>
					<artifact name="json4s-ast_2.10" type="jar" ext="jar" status="no" details="" size="86503" time="0" location="/home/julianpeeters/.ivy2/cache/org.json4s/json4s-ast_2.10/jars/json4s-ast_2.10-3.1.0.jar">
						<origin-location is-local="false" location="http://repo1.maven.org/maven2/org/json4s/json4s-ast_2.10/3.1.0/json4s-ast_2.10-3.1.0.jar"/>
					</artifact>
				</artifacts>
			</revision>
		</module>
		<module organisation="org.mongodb" name="casbah-core_2.10">
			<revision name="2.6.2" status="release" pubdate="20130625033939" resolver="sbt-chain" artresolver="sbt-chain" homepage="http://github.com/mongodb/casbah" downloaded="false" searched="false" default="false" conf="compile, master(*), runtime, compile(*), runtime(*), master" position="10">
				<license name="Apache 2" url="http://www.apache.org/licenses/LICENSE-2.0.html"/>
				<metadata-artifact status="no" details="" size="3523" time="0" location="/home/julianpeeters/.ivy2/cache/org.mongodb/casbah-core_2.10/ivy-2.6.2.xml" searched="false" origin-is-local="false" origin-location="https://oss.sonatype.org/content/repositories/releases/org/mongodb/casbah-core_2.10/2.6.2/casbah-core_2.10-2.6.2.pom"/>
				<caller organisation="com.novus" name="salat-core_2.10" conf="compile, runtime" rev="2.6.2" rev-constraint-default="2.6.2" rev-constraint-dynamic="2.6.2" callerrev="1.9.2"/>
				<artifacts>
					<artifact name="casbah-core_2.10" type="jar" ext="jar" status="no" details="" size="235480" time="0" location="/home/julianpeeters/.ivy2/cache/org.mongodb/casbah-core_2.10/jars/casbah-core_2.10-2.6.2.jar">
						<origin-location is-local="false" location="https://oss.sonatype.org/content/repositories/releases/org/mongodb/casbah-core_2.10/2.6.2/casbah-core_2.10-2.6.2.jar"/>
					</artifact>
				</artifacts>
			</revision>
		</module>
		<module organisation="org.mongodb" name="casbah-query_2.10">
			<revision name="2.6.2" status="release" pubdate="20130625033812" resolver="sbt-chain" artresolver="sbt-chain" homepage="http://github.com/mongodb/casbah" downloaded="false" searched="false" default="false" conf="compile, master(*), runtime, compile(*), runtime(*), master" position="16">
				<license name="Apache 2" url="http://www.apache.org/licenses/LICENSE-2.0.html"/>
				<metadata-artifact status="no" details="" size="3385" time="0" location="/home/julianpeeters/.ivy2/cache/org.mongodb/casbah-query_2.10/ivy-2.6.2.xml" searched="false" origin-is-local="false" origin-location="https://oss.sonatype.org/content/repositories/releases/org/mongodb/casbah-query_2.10/2.6.2/casbah-query_2.10-2.6.2.pom"/>
				<caller organisation="org.mongodb" name="casbah-core_2.10" conf="compile, runtime" rev="2.6.2" rev-constraint-default="2.6.2" rev-constraint-dynamic="2.6.2" callerrev="2.6.2"/>
				<artifacts>
					<artifact name="casbah-query_2.10" type="jar" ext="jar" status="no" details="" size="228882" time="0" location="/home/julianpeeters/.ivy2/cache/org.mongodb/casbah-query_2.10/jars/casbah-query_2.10-2.6.2.jar">
						<origin-location is-local="false" location="https://oss.sonatype.org/content/repositories/releases/org/mongodb/casbah-query_2.10/2.6.2/casbah-query_2.10-2.6.2.jar"/>
					</artifact>
				</artifacts>
			</revision>
		</module>
		<module organisation="com.novus" name="salat-util_2.10">
			<revision name="1.9.2" status="release" pubdate="20130819195705" resolver="sbt-chain" artresolver="sbt-chain" homepage="https://github.com/novus/salat" downloaded="false" searched="false" default="false" conf="compile, master(*), runtime, compile(*), runtime(*), master" position="6">
				<license name="Apache 2.0" url="http://www.apache.org/licenses/LICENSE-2.0"/>
				<metadata-artifact status="no" details="" size="3470" time="0" location="/home/julianpeeters/.ivy2/cache/com.novus/salat-util_2.10/ivy-1.9.2.xml" searched="false" origin-is-local="false" origin-location="https://oss.sonatype.org/content/groups/scala-tools/com/novus/salat-util_2.10/1.9.2/salat-util_2.10-1.9.2.pom"/>
				<caller organisation="com.novus" name="salat_2.10" conf="default, compile, runtime, master" rev="1.9.2" rev-constraint-default="1.9.2" rev-constraint-dynamic="1.9.2" callerrev="1.9.2"/>
				<caller organisation="com.novus" name="salat-core_2.10" conf="compile, runtime" rev="1.9.2" rev-constraint-default="1.9.2" rev-constraint-dynamic="1.9.2" callerrev="1.9.2"/>
				<artifacts>
					<artifact name="salat-util_2.10" type="jar" ext="jar" status="no" details="" size="144311" time="0" location="/home/julianpeeters/.ivy2/cache/com.novus/salat-util_2.10/jars/salat-util_2.10-1.9.2.jar">
						<origin-location is-local="false" location="https://oss.sonatype.org/content/groups/scala-tools/com/novus/salat-util_2.10/1.9.2/salat-util_2.10-1.9.2.jar"/>
					</artifact>
				</artifacts>
			</revision>
		</module>
		<module organisation="org.scala-lang" name="scalap">
			<revision name="2.10.2" status="release" pubdate="20130606110705" resolver="sbt-chain" artresolver="sbt-chain" homepage="http://www.scala-lang.org/" downloaded="false" searched="false" default="false" conf="compile, master(*), runtime, compile(*), runtime(*), master" position="7">
				<license name="BSD-like" url="http://www.scala-lang.org/downloads/license.html    "/>
				<metadata-artifact status="no" details="" size="2518" time="0" location="/home/julianpeeters/.ivy2/cache/org.scala-lang/scalap/ivy-2.10.2.xml" searched="false" origin-is-local="false" origin-location="https://oss.sonatype.org/content/groups/scala-tools/org/scala-lang/scalap/2.10.2/scalap-2.10.2.pom"/>
				<caller organisation="com.novus" name="salat-util_2.10" conf="compile, runtime" rev="2.10.2" rev-constraint-default="2.10.2" rev-constraint-dynamic="2.10.2" callerrev="1.9.2"/>
				<caller organisation="org.json4s" name="json4s-core_2.10" conf="compile, runtime" rev="2.10.0" rev-constraint-default="2.10.0" rev-constraint-dynamic="2.10.0" callerrev="3.1.0"/>
				<artifacts>
					<artifact name="scalap" type="jar" ext="jar" status="no" details="" size="854338" time="0" location="/home/julianpeeters/.ivy2/cache/org.scala-lang/scalap/jars/scalap-2.10.2.jar">
						<origin-location is-local="false" location="https://oss.sonatype.org/content/groups/scala-tools/org/scala-lang/scalap/2.10.2/scalap-2.10.2.jar"/>
					</artifact>
				</artifacts>
			</revision>
			<revision name="2.10.0" evicted="latest-revision" evicted-reason="" downloaded="false" searched="false" conf="compile, master(*), runtime, compile(*), runtime(*), master" position="-1">
				<evicted-by rev="2.10.2"/>
				<caller organisation="org.json4s" name="json4s-core_2.10" conf="compile, runtime" rev="2.10.0" rev-constraint-default="2.10.0" rev-constraint-dynamic="2.10.0" callerrev="3.1.0"/>
				<artifacts>
				</artifacts>
			</revision>
		</module>
		<module organisation="org.mongodb" name="casbah-commons_2.10">
			<revision name="2.6.2" status="release" pubdate="20130625033818" resolver="sbt-chain" artresolver="sbt-chain" homepage="http://github.com/mongodb/casbah" downloaded="false" searched="false" default="false" conf="compile, master(*), runtime, compile(*), runtime(*), master" position="11">
				<license name="Apache 2" url="http://www.apache.org/licenses/LICENSE-2.0.html"/>
				<metadata-artifact status="no" details="" size="3390" time="0" location="/home/julianpeeters/.ivy2/cache/org.mongodb/casbah-commons_2.10/ivy-2.6.2.xml" searched="false" origin-is-local="false" origin-location="https://oss.sonatype.org/content/repositories/releases/org/mongodb/casbah-commons_2.10/2.6.2/casbah-commons_2.10-2.6.2.pom"/>
				<caller organisation="org.mongodb" name="casbah-core_2.10" conf="compile, runtime" rev="2.6.2" rev-constraint-default="2.6.2" rev-constraint-dynamic="2.6.2" callerrev="2.6.2"/>
				<caller organisation="org.mongodb" name="casbah-query_2.10" conf="compile, runtime" rev="2.6.2" rev-constraint-default="2.6.2" rev-constraint-dynamic="2.6.2" callerrev="2.6.2"/>
				<artifacts>
					<artifact name="casbah-commons_2.10" type="jar" ext="jar" status="no" details="" size="156741" time="0" location="/home/julianpeeters/.ivy2/cache/org.mongodb/casbah-commons_2.10/jars/casbah-commons_2.10-2.6.2.jar">
						<origin-location is-local="false" location="https://oss.sonatype.org/content/repositories/releases/org/mongodb/casbah-commons_2.10/2.6.2/casbah-commons_2.10-2.6.2.jar"/>
					</artifact>
				</artifacts>
			</revision>
		</module>
		<module organisation="org.mongodb" name="mongo-java-driver">
			<revision name="2.11.2" status="release" pubdate="20130619035647" resolver="sbt-chain" artresolver="sbt-chain" homepage="http://www.mongodb.org" downloaded="false" searched="false" default="false" conf="compile, master(*), runtime, compile(*), runtime(*), master" position="15">
				<license name="The Apache Software License, Version 2.0" url="http://www.apache.org/licenses/LICENSE-2.0.txt"/>
				<metadata-artifact status="no" details="" size="2385" time="0" location="/home/julianpeeters/.ivy2/cache/org.mongodb/mongo-java-driver/ivy-2.11.2.xml" searched="false" origin-is-local="false" origin-location="https://oss.sonatype.org/content/repositories/releases/org/mongodb/mongo-java-driver/2.11.2/mongo-java-driver-2.11.2.pom"/>
				<caller organisation="org.mongodb" name="casbah-commons_2.10" conf="compile, runtime" rev="2.11.2" rev-constraint-default="2.11.2" rev-constraint-dynamic="2.11.2" callerrev="2.6.2"/>
				<artifacts>
					<artifact name="mongo-java-driver" type="jar" ext="jar" status="no" details="" size="417896" time="0" location="/home/julianpeeters/.ivy2/cache/org.mongodb/mongo-java-driver/jars/mongo-java-driver-2.11.2.jar">
						<origin-location is-local="false" location="https://oss.sonatype.org/content/repositories/releases/org/mongodb/mongo-java-driver/2.11.2/mongo-java-driver-2.11.2.jar"/>
					</artifact>
				</artifacts>
			</revision>
		</module>
		<module organisation="com.github.nscala-time" name="nscala-time_2.10">
			<revision name="0.2.0" status="release" pubdate="20121225043952" resolver="public" artresolver="public" homepage="https://github.com/nscala-time/nscala-time" downloaded="false" searched="false" default="false" conf="compile, master(*), runtime, compile(*), runtime(*), master" position="12">
				<license name="Apache" url="http://www.opensource.org/licenses/Apache-2.0"/>
				<metadata-artifact status="no" details="" size="3008" time="0" location="/home/julianpeeters/.ivy2/cache/com.github.nscala-time/nscala-time_2.10/ivy-0.2.0.xml" searched="false" origin-is-local="false" origin-location="http://repo1.maven.org/maven2/com/github/nscala-time/nscala-time_2.10/0.2.0/nscala-time_2.10-0.2.0.pom"/>
				<caller organisation="org.mongodb" name="casbah-core_2.10" conf="compile, runtime" rev="0.2.0" rev-constraint-default="0.2.0" rev-constraint-dynamic="0.2.0" callerrev="2.6.2"/>
				<caller organisation="org.mongodb" name="casbah-query_2.10" conf="compile, runtime" rev="0.2.0" rev-constraint-default="0.2.0" rev-constraint-dynamic="0.2.0" callerrev="2.6.2"/>
				<caller organisation="org.mongodb" name="casbah-commons_2.10" conf="compile, runtime" rev="0.2.0" rev-constraint-default="0.2.0" rev-constraint-dynamic="0.2.0" callerrev="2.6.2"/>
				<artifacts>
					<artifact name="nscala-time_2.10" type="jar" ext="jar" status="no" details="" size="117309" time="0" location="/home/julianpeeters/.ivy2/cache/com.github.nscala-time/nscala-time_2.10/jars/nscala-time_2.10-0.2.0.jar">
						<origin-location is-local="false" location="http://repo1.maven.org/maven2/com/github/nscala-time/nscala-time_2.10/0.2.0/nscala-time_2.10-0.2.0.jar"/>
					</artifact>
				</artifacts>
			</revision>
		</module>
		<module organisation="joda-time" name="joda-time">
			<revision name="2.1" status="release" pubdate="20120222082242" resolver="public" artresolver="public" homepage="http://joda-time.sourceforge.net" downloaded="false" searched="false" default="false" conf="compile, master(*), runtime, compile(*), runtime(*), master" position="13">
				<license name="Apache 2" url="http://www.apache.org/licenses/LICENSE-2.0.txt"/>
				<metadata-artifact status="no" details="" size="3297" time="0" location="/home/julianpeeters/.ivy2/cache/joda-time/joda-time/ivy-2.1.xml" searched="false" origin-is-local="false" origin-location="http://repo1.maven.org/maven2/joda-time/joda-time/2.1/joda-time-2.1.pom"/>
				<caller organisation="com.github.nscala-time" name="nscala-time_2.10" conf="compile, runtime" rev="2.1" rev-constraint-default="2.1" rev-constraint-dynamic="2.1" callerrev="0.2.0"/>
				<artifacts>
					<artifact name="joda-time" type="jar" ext="jar" status="no" details="" size="570478" time="0" location="/home/julianpeeters/.ivy2/cache/joda-time/joda-time/jars/joda-time-2.1.jar">
						<origin-location is-local="false" location="http://repo1.maven.org/maven2/joda-time/joda-time/2.1/joda-time-2.1.jar"/>
					</artifact>
				</artifacts>
			</revision>
		</module>
		<module organisation="org.joda" name="joda-convert">
			<revision name="1.2" status="release" pubdate="20111027125117" resolver="public" artresolver="public" homepage="http://joda-convert.sourceforge.net" downloaded="false" searched="false" default="false" conf="compile, master(*), runtime, compile(*), runtime(*), master" position="14">
				<license name="Apache 2" url="http://www.apache.org/licenses/LICENSE-2.0.txt"/>
				<metadata-artifact status="no" details="" size="3114" time="0" location="/home/julianpeeters/.ivy2/cache/org.joda/joda-convert/ivy-1.2.xml" searched="false" origin-is-local="false" origin-location="http://repo1.maven.org/maven2/org/joda/joda-convert/1.2/joda-convert-1.2.pom"/>
				<caller organisation="com.github.nscala-time" name="nscala-time_2.10" conf="compile, runtime" rev="1.2" rev-constraint-default="1.2" rev-constraint-dynamic="1.2" callerrev="0.2.0"/>
				<artifacts>
					<artifact name="joda-convert" type="jar" ext="jar" status="no" details="" size="38460" time="0" location="/home/julianpeeters/.ivy2/cache/org.joda/joda-convert/jars/joda-convert-1.2.jar">
						<origin-location is-local="false" location="http://repo1.maven.org/maven2/org/joda/joda-convert/1.2/joda-convert-1.2.jar"/>
					</artifact>
				</artifacts>
			</revision>
		</module>
		<module organisation="ch.qos.logback" name="logback-classic">
			<revision name="1.0.9" status="release" pubdate="20121204151516" resolver="public" artresolver="public" homepage="http://logback.qos.ch" downloaded="false" searched="false" default="false" conf="compile, master(*), runtime, compile(*), runtime(*), master" position="34">
				<license name="Eclipse Public License - v 1.0" url="http://www.eclipse.org/legal/epl-v10.html"/>
				<license name="GNU Lesser General Public License" url="http://www.gnu.org/licenses/old-licenses/lgpl-2.1.html"/>
				<metadata-artifact status="no" details="" size="10211" time="0" location="/home/julianpeeters/.ivy2/cache/ch.qos.logback/logback-classic/ivy-1.0.9.xml" searched="false" origin-is-local="false" origin-location="http://repo1.maven.org/maven2/ch/qos/logback/logback-classic/1.0.9/logback-classic-1.0.9.pom"/>
				<caller organisation="com.gensler" name="scalavro-core_2.10" conf="compile, runtime" rev="1.0.9" rev-constraint-default="1.0.9" rev-constraint-dynamic="1.0.9" callerrev="0.4.0"/>
				<caller organisation="com.gensler" name="scalavro-util_2.10" conf="compile, runtime" rev="1.0.9" rev-constraint-default="1.0.9" rev-constraint-dynamic="1.0.9" callerrev="0.4.0"/>
				<caller organisation="com.gensler" name="scalavro_2.10" conf="default, compile, runtime, master" rev="1.0.9" rev-constraint-default="1.0.9" rev-constraint-dynamic="1.0.9" callerrev="0.4.0"/>
				<artifacts>
					<artifact name="logback-classic" type="jar" ext="jar" status="no" details="" size="252684" time="0" location="/home/julianpeeters/.ivy2/cache/ch.qos.logback/logback-classic/jars/logback-classic-1.0.9.jar">
						<origin-location is-local="false" location="http://repo1.maven.org/maven2/ch/qos/logback/logback-classic/1.0.9/logback-classic-1.0.9.jar"/>
					</artifact>
				</artifacts>
			</revision>
		</module>
		<module organisation="dom4j" name="dom4j">
			<revision name="1.6.1" status="release" pubdate="20120625144601" resolver="sbt-chain" artresolver="sbt-chain" homepage="http://dom4j.org" downloaded="false" searched="false" default="false" conf="compile, master(*), runtime, compile(*), runtime(*), master" position="40">
				<metadata-artifact status="no" details="" size="3653" time="0" location="/home/julianpeeters/.ivy2/cache/dom4j/dom4j/ivy-1.6.1.xml" searched="false" origin-is-local="false" origin-location="http://repo.typesafe.com/typesafe/releases/dom4j/dom4j/1.6.1/dom4j-1.6.1.pom"/>
				<caller organisation="org.reflections" name="reflections" conf="compile, runtime" rev="1.6.1" rev-constraint-default="1.6.1" rev-constraint-dynamic="1.6.1" callerrev="0.9.9-RC1"/>
				<artifacts>
					<artifact name="dom4j" type="jar" ext="jar" status="no" details="" size="313898" time="0" location="/home/julianpeeters/.ivy2/cache/dom4j/dom4j/jars/dom4j-1.6.1.jar">
						<origin-location is-local="false" location="http://repo.typesafe.com/typesafe/releases/dom4j/dom4j/1.6.1/dom4j-1.6.1.jar"/>
					</artifact>
				</artifacts>
			</revision>
		</module>
		<module organisation="xml-apis" name="xml-apis">
			<revision name="1.0.b2" status="release" pubdate="20120625144602" resolver="sbt-chain" artresolver="sbt-chain" homepage="http://xml.apache.org/commons/#external" downloaded="false" searched="false" default="false" conf="compile, master(*), runtime, compile(*), runtime(*), master" position="41">
				<license name="The Apache Software License, Version 2.0" url="http://www.apache.org/licenses/LICENSE-2.0.txt"/>
				<metadata-artifact status="no" details="" size="2923" time="0" location="/home/julianpeeters/.ivy2/cache/xml-apis/xml-apis/ivy-1.0.b2.xml" searched="false" origin-is-local="false" origin-location="http://repo.typesafe.com/typesafe/releases/xml-apis/xml-apis/1.0.b2/xml-apis-1.0.b2.pom"/>
				<caller organisation="dom4j" name="dom4j" conf="compile, runtime" rev="1.0.b2" rev-constraint-default="1.0.b2" rev-constraint-dynamic="1.0.b2" callerrev="1.6.1"/>
				<artifacts>
					<artifact name="xml-apis" type="jar" ext="jar" status="no" details="" size="109318" time="0" location="/home/julianpeeters/.ivy2/cache/xml-apis/xml-apis/jars/xml-apis-1.0.b2.jar">
						<origin-location is-local="false" location="http://repo.typesafe.com/typesafe/releases/xml-apis/xml-apis/1.0.b2/xml-apis-1.0.b2.jar"/>
					</artifact>
				</artifacts>
			</revision>
		</module>
		<module organisation="ch.qos.logback" name="logback-core">
			<revision name="1.0.9" status="release" pubdate="20121204151430" resolver="public" artresolver="public" homepage="http://logback.qos.ch" downloaded="false" searched="false" default="false" conf="compile, master(*), runtime, compile(*), runtime(*), master" position="35">
				<license name="Eclipse Public License - v 1.0" url="http://www.eclipse.org/legal/epl-v10.html"/>
				<license name="GNU Lesser General Public License" url="http://www.gnu.org/licenses/old-licenses/lgpl-2.1.html"/>
				<metadata-artifact status="no" details="" size="9718" time="0" location="/home/julianpeeters/.ivy2/cache/ch.qos.logback/logback-core/ivy-1.0.9.xml" searched="false" origin-is-local="false" origin-location="http://repo1.maven.org/maven2/ch/qos/logback/logback-core/1.0.9/logback-core-1.0.9.pom"/>
				<caller organisation="ch.qos.logback" name="logback-classic" conf="compile, runtime" rev="1.0.9" rev-constraint-default="1.0.9" rev-constraint-dynamic="1.0.9" callerrev="1.0.9"/>
				<artifacts>
					<artifact name="logback-core" type="jar" ext="jar" status="no" details="" size="366462" time="0" location="/home/julianpeeters/.ivy2/cache/ch.qos.logback/logback-core/jars/logback-core-1.0.9.jar">
						<origin-location is-local="false" location="http://repo1.maven.org/maven2/ch/qos/logback/logback-core/1.0.9/logback-core-1.0.9.jar"/>
					</artifact>
				</artifacts>
			</revision>
		</module>
		<module organisation="io.spray" name="spray-json_2.10">
			<revision name="1.2.5" status="release" pubdate="20130531032503" resolver="spray" artresolver="spray" homepage="https://github.com/spray/spray-json" downloaded="false" searched="false" default="false" conf="default(compile), default, compile, master(*), compile(*), runtime, runtime(*), master" position="1">
				<license name="Apache 2" url="http://www.apache.org/licenses/LICENSE-2.0.txt"/>
				<metadata-artifact status="no" details="" size="2826" time="0" location="/home/julianpeeters/.ivy2/cache/io.spray/spray-json_2.10/ivy-1.2.5.xml" searched="false" origin-is-local="false" origin-location="http://repo.spray.io/io/spray/spray-json_2.10/1.2.5/spray-json_2.10-1.2.5.pom"/>
				<caller organisation="com.julianpeeters" name="toolbox-salat-example_2.10" conf="test-internal, test, optional, compile, provided, runtime" rev="1.2.5" rev-constraint-default="1.2.5" rev-constraint-dynamic="1.2.5" callerrev="0.0.1-SNAPSHOT"/>
				<caller organisation="com.gensler" name="scalavro-core_2.10" conf="compile, runtime" rev="1.2.5" rev-constraint-default="1.2.5" rev-constraint-dynamic="1.2.5" callerrev="0.4.0"/>
				<artifacts>
					<artifact name="spray-json_2.10" type="jar" ext="jar" status="no" details="" size="321503" time="0" location="/home/julianpeeters/.ivy2/cache/io.spray/spray-json_2.10/jars/spray-json_2.10-1.2.5.jar">
						<origin-location is-local="false" location="http://repo.spray.io/io/spray/spray-json_2.10/1.2.5/spray-json_2.10-1.2.5.jar"/>
					</artifact>
				</artifacts>
			</revision>
		</module>
		<module organisation="org.parboiled" name="parboiled-scala_2.10">
			<revision name="1.1.5" status="release" pubdate="20130502073137" resolver="public" artresolver="public" homepage="http://parboiled.org" downloaded="false" searched="false" default="false" conf="compile, master(*), runtime, compile(*), runtime(*), master" position="2">
				<license name="Apache 2" url="http://www.apache.org/licenses/LICENSE-2.0.txt"/>
				<metadata-artifact status="no" details="" size="2946" time="0" location="/home/julianpeeters/.ivy2/cache/org.parboiled/parboiled-scala_2.10/ivy-1.1.5.xml" searched="false" origin-is-local="false" origin-location="http://repo1.maven.org/maven2/org/parboiled/parboiled-scala_2.10/1.1.5/parboiled-scala_2.10-1.1.5.pom"/>
				<caller organisation="io.spray" name="spray-json_2.10" conf="default, compile, runtime, master" rev="1.1.5" rev-constraint-default="1.1.5" rev-constraint-dynamic="1.1.5" callerrev="1.2.5"/>
				<artifacts>
					<artifact name="parboiled-scala_2.10" type="bundle" ext="jar" status="no" details="" size="238111" time="0" location="/home/julianpeeters/.ivy2/cache/org.parboiled/parboiled-scala_2.10/bundles/parboiled-scala_2.10-1.1.5.jar">
						<origin-location is-local="false" location="http://repo1.maven.org/maven2/org/parboiled/parboiled-scala_2.10/1.1.5/parboiled-scala_2.10-1.1.5.jar"/>
					</artifact>
				</artifacts>
			</revision>
		</module>
		<module organisation="org.parboiled" name="parboiled-core">
			<revision name="1.1.5" status="release" pubdate="20130502073037" resolver="public" artresolver="public" homepage="http://parboiled.org" downloaded="false" searched="false" default="false" conf="compile, master(*), runtime, compile(*), runtime(*), master" position="3">
				<license name="Apache 2" url="http://www.apache.org/licenses/LICENSE-2.0.txt"/>
				<metadata-artifact status="no" details="" size="2653" time="0" location="/home/julianpeeters/.ivy2/cache/org.parboiled/parboiled-core/ivy-1.1.5.xml" searched="false" origin-is-local="false" origin-location="http://repo1.maven.org/maven2/org/parboiled/parboiled-core/1.1.5/parboiled-core-1.1.5.pom"/>
				<caller organisation="org.parboiled" name="parboiled-scala_2.10" conf="compile, runtime" rev="1.1.5" rev-constraint-default="1.1.5" rev-constraint-dynamic="1.1.5" callerrev="1.1.5"/>
				<artifacts>
					<artifact name="parboiled-core" type="bundle" ext="jar" status="no" details="" size="186418" time="0" location="/home/julianpeeters/.ivy2/cache/org.parboiled/parboiled-core/bundles/parboiled-core-1.1.5.jar">
						<origin-location is-local="false" location="http://repo1.maven.org/maven2/org/parboiled/parboiled-core/1.1.5/parboiled-core-1.1.5.jar"/>
					</artifact>
				</artifacts>
			</revision>
		</module>
		<module organisation="org.scala-lang" name="scala-library">
			<revision name="2.10.1" status="release" pubdate="20130312160420" resolver="sbt-chain" artresolver="sbt-chain" homepage="http://www.scala-lang.org/" downloaded="false" searched="false" default="false" conf="default(compile), default, compile, master(*), compile(*), runtime, runtime(*), master" position="0">
				<license name="BSD-like" url="http://www.scala-lang.org/downloads/license.html          "/>
				<metadata-artifact status="no" details="" size="2392" time="0" location="/home/julianpeeters/.ivy2/cache/org.scala-lang/scala-library/ivy-2.10.1.xml" searched="false" origin-is-local="false" origin-location="http://repo1.maven.org/maven2/org/scala-lang/scala-library/2.10.1/scala-library-2.10.1.pom"/>
				<caller organisation="com.novus" name="salat_2.10" conf="default, compile, runtime, master" rev="2.10.1" rev-constraint-default="2.10.1" rev-constraint-dynamic="2.10.2" callerrev="1.9.2"/>
				<caller organisation="com.julianpeeters" name="toolbox-salat-example_2.10" conf="test-internal, test, optional, compile, provided, runtime" rev="2.10.1" rev-constraint-default="2.10.1" rev-constraint-dynamic="2.10.1" callerrev="0.0.1-SNAPSHOT"/>
				<caller organisation="com.julianpeeters" name="asm-salat-example_2.10" conf="compile" rev="2.10.1" rev-constraint-default="2.10.1" rev-constraint-dynamic="2.10.2" callerrev="0.1-SNAPSHOT"/>
				<caller organisation="io.spray" name="spray-json_2.10" conf="default, compile, runtime, master" rev="2.10.1" rev-constraint-default="2.10.1" rev-constraint-dynamic="2.10.1" callerrev="1.2.5"/>
				<caller organisation="org.mongodb" name="casbah-core_2.10" conf="compile, runtime" rev="2.10.1" rev-constraint-default="2.10.1" rev-constraint-dynamic="2.10.0" callerrev="2.6.2"/>
				<caller organisation="com.gensler" name="scalavro-util_2.10" conf="compile, runtime" rev="2.10.1" rev-constraint-default="2.10.1" rev-constraint-dynamic="2.10.2" callerrev="0.4.0"/>
				<caller organisation="org.scala-lang" name="scala-reflect" conf="compile, runtime" rev="2.10.1" rev-constraint-default="2.10.1" rev-constraint-dynamic="2.10.1" callerrev="2.10.1"/>
				<caller organisation="com.julianpeeters" name="artisinal-pickle-maker_2.10" conf="compile" rev="2.10.1" rev-constraint-default="2.10.1" rev-constraint-dynamic="2.10.2" callerrev="0.1-SNAPSHOT"/>
				<caller organisation="org.json4s" name="json4s-ast_2.10" conf="compile, runtime" rev="2.10.1" rev-constraint-default="2.10.1" rev-constraint-dynamic="2.10.0" callerrev="3.1.0"/>
				<caller organisation="org.json4s" name="json4s-native_2.10" conf="compile, runtime" rev="2.10.1" rev-constraint-default="2.10.1" rev-constraint-dynamic="2.10.0" callerrev="3.1.0"/>
				<caller organisation="org.parboiled" name="parboiled-scala_2.10" conf="compile, runtime" rev="2.10.1" rev-constraint-default="2.10.1" rev-constraint-dynamic="2.10.1" callerrev="1.1.5"/>
				<caller organisation="com.novus" name="salat-util_2.10" conf="compile, runtime" rev="2.10.1" rev-constraint-default="2.10.1" rev-constraint-dynamic="2.10.2" callerrev="1.9.2"/>
				<caller organisation="org.scala-lang" name="scala-reflect" conf="compile, runtime" rev="2.10.1" rev-constraint-default="2.10.1" rev-constraint-dynamic="2.10.2" callerrev="2.10.2"/>
				<caller organisation="com.github.nscala-time" name="nscala-time_2.10" conf="compile, runtime" rev="2.10.1" rev-constraint-default="2.10.1" rev-constraint-dynamic="2.10.0" callerrev="0.2.0"/>
				<caller organisation="com.gensler" name="scalavro-core_2.10" conf="compile, runtime" rev="2.10.1" rev-constraint-default="2.10.1" rev-constraint-dynamic="2.10.2" callerrev="0.4.0"/>
				<caller organisation="org.mongodb" name="casbah-query_2.10" conf="compile, runtime" rev="2.10.1" rev-constraint-default="2.10.1" rev-constraint-dynamic="2.10.0" callerrev="2.6.2"/>
				<caller organisation="org.mongodb" name="casbah-commons_2.10" conf="compile, runtime" rev="2.10.1" rev-constraint-default="2.10.1" rev-constraint-dynamic="2.10.0" callerrev="2.6.2"/>
				<caller organisation="com.gensler" name="scalavro_2.10" conf="default, compile, runtime, master" rev="2.10.1" rev-constraint-default="2.10.1" rev-constraint-dynamic="2.10.2" callerrev="0.4.0"/>
				<caller organisation="org.scala-lang" name="scala-compiler" conf="compile, runtime" rev="2.10.1" rev-constraint-default="2.10.1" rev-constraint-dynamic="2.10.1" callerrev="2.10.1"/>
				<caller organisation="com.novus" name="salat-core_2.10" conf="compile, runtime" rev="2.10.1" rev-constraint-default="2.10.1" rev-constraint-dynamic="2.10.2" callerrev="1.9.2"/>
				<caller organisation="org.json4s" name="json4s-core_2.10" conf="compile, runtime" rev="2.10.1" rev-constraint-default="2.10.1" rev-constraint-dynamic="2.10.0" callerrev="3.1.0"/>
				<artifacts>
				</artifacts>
			</revision>
		</module>
	</dependencies>
</ivy-report>
